<?xml version="1.0" encoding="UTF-8"?>
<testsuite name="com.rx2u.rxservice.RxserviceApplicationTests" tests="1" skipped="0" failures="0" errors="0" timestamp="2023-01-10T17:07:42" hostname="Jackmans-MBP.lan" time="0.104">
  <properties/>
  <testcase name="contextLoads()" classname="com.rx2u.rxservice.RxserviceApplicationTests" time="0.104"/>
  <system-out><![CDATA[09:07:38.355 [Test worker] DEBUG org.springframework.test.context.BootstrapUtils - Instantiating CacheAwareContextLoaderDelegate from class [org.springframework.test.context.cache.DefaultCacheAwareContextLoaderDelegate]
09:07:38.363 [Test worker] DEBUG org.springframework.test.context.BootstrapUtils - Instantiating BootstrapContext using constructor [public org.springframework.test.context.support.DefaultBootstrapContext(java.lang.Class,org.springframework.test.context.CacheAwareContextLoaderDelegate)]
09:07:38.393 [Test worker] DEBUG org.springframework.test.context.BootstrapUtils - Instantiating TestContextBootstrapper for test class [com.rx2u.rxservice.RxserviceApplicationTests] from class [org.springframework.boot.test.context.SpringBootTestContextBootstrapper]
09:07:38.401 [Test worker] INFO org.springframework.boot.test.context.SpringBootTestContextBootstrapper - Neither @ContextConfiguration nor @ContextHierarchy found for test class [com.rx2u.rxservice.RxserviceApplicationTests], using SpringBootContextLoader
09:07:38.405 [Test worker] DEBUG org.springframework.test.context.support.AbstractContextLoader - Did not detect default resource location for test class [com.rx2u.rxservice.RxserviceApplicationTests]: class path resource [com/rx2u/rxservice/RxserviceApplicationTests-context.xml] does not exist
09:07:38.405 [Test worker] DEBUG org.springframework.test.context.support.AbstractContextLoader - Did not detect default resource location for test class [com.rx2u.rxservice.RxserviceApplicationTests]: class path resource [com/rx2u/rxservice/RxserviceApplicationTestsContext.groovy] does not exist
09:07:38.406 [Test worker] INFO org.springframework.test.context.support.AbstractContextLoader - Could not detect default resource locations for test class [com.rx2u.rxservice.RxserviceApplicationTests]: no resource found for suffixes {-context.xml, Context.groovy}.
09:07:38.406 [Test worker] INFO org.springframework.test.context.support.AnnotationConfigContextLoaderUtils - Could not detect default configuration classes for test class [com.rx2u.rxservice.RxserviceApplicationTests]: RxserviceApplicationTests does not declare any static, non-private, non-final, nested classes annotated with @Configuration.
09:07:38.438 [Test worker] DEBUG org.springframework.test.context.support.ActiveProfilesUtils - Could not find an 'annotation declaring class' for annotation type [org.springframework.test.context.ActiveProfiles] and class [com.rx2u.rxservice.RxserviceApplicationTests]
09:07:38.480 [Test worker] DEBUG org.springframework.context.annotation.ClassPathScanningCandidateComponentProvider - Identified candidate component class: file [/Users/jackmanysa/Documents/Projects/Spring Boot/rxservice/build/classes/java/main/com/rx2u/rxservice/RxserviceApplication.class]
09:07:38.481 [Test worker] INFO org.springframework.boot.test.context.SpringBootTestContextBootstrapper - Found @SpringBootConfiguration com.rx2u.rxservice.RxserviceApplication for test class com.rx2u.rxservice.RxserviceApplicationTests
09:07:38.551 [Test worker] DEBUG org.springframework.boot.test.context.SpringBootTestContextBootstrapper - @TestExecutionListeners is not present for class [com.rx2u.rxservice.RxserviceApplicationTests]: using defaults.
09:07:38.552 [Test worker] INFO org.springframework.boot.test.context.SpringBootTestContextBootstrapper - Loaded default TestExecutionListener class names from location [META-INF/spring.factories]: [org.springframework.boot.test.autoconfigure.restdocs.RestDocsTestExecutionListener, org.springframework.boot.test.autoconfigure.web.client.MockRestServiceServerResetTestExecutionListener, org.springframework.boot.test.autoconfigure.web.servlet.MockMvcPrintOnlyOnFailureTestExecutionListener, org.springframework.boot.test.autoconfigure.web.servlet.WebDriverTestExecutionListener, org.springframework.boot.test.autoconfigure.webservices.client.MockWebServiceServerTestExecutionListener, org.springframework.boot.test.mock.mockito.MockitoTestExecutionListener, org.springframework.boot.test.mock.mockito.ResetMocksTestExecutionListener, org.springframework.test.context.web.ServletTestExecutionListener, org.springframework.test.context.support.DirtiesContextBeforeModesTestExecutionListener, org.springframework.test.context.event.ApplicationEventsTestExecutionListener, org.springframework.test.context.support.DependencyInjectionTestExecutionListener, org.springframework.test.context.support.DirtiesContextTestExecutionListener, org.springframework.test.context.transaction.TransactionalTestExecutionListener, org.springframework.test.context.jdbc.SqlScriptsTestExecutionListener, org.springframework.test.context.event.EventPublishingTestExecutionListener]
09:07:38.564 [Test worker] INFO org.springframework.boot.test.context.SpringBootTestContextBootstrapper - Using TestExecutionListeners: [org.springframework.test.context.web.ServletTestExecutionListener@65f87a2c, org.springframework.test.context.support.DirtiesContextBeforeModesTestExecutionListener@51684e4a, org.springframework.test.context.event.ApplicationEventsTestExecutionListener@6ce1f601, org.springframework.boot.test.mock.mockito.MockitoTestExecutionListener@38875e7d, org.springframework.boot.test.autoconfigure.SpringBootDependencyInjectionTestExecutionListener@1e886a5b, org.springframework.test.context.support.DirtiesContextTestExecutionListener@d816dde, org.springframework.test.context.transaction.TransactionalTestExecutionListener@6e33c391, org.springframework.test.context.jdbc.SqlScriptsTestExecutionListener@6c451c9c, org.springframework.test.context.event.EventPublishingTestExecutionListener@31c269fd, org.springframework.boot.test.autoconfigure.restdocs.RestDocsTestExecutionListener@372b0d86, org.springframework.boot.test.autoconfigure.web.client.MockRestServiceServerResetTestExecutionListener@47747fb9, org.springframework.boot.test.autoconfigure.web.servlet.MockMvcPrintOnlyOnFailureTestExecutionListener@3113a37, org.springframework.boot.test.autoconfigure.web.servlet.WebDriverTestExecutionListener@213e3629, org.springframework.boot.test.autoconfigure.webservices.client.MockWebServiceServerTestExecutionListener@4e9658b5, org.springframework.boot.test.mock.mockito.ResetMocksTestExecutionListener@2a7b6f69]
09:07:38.566 [Test worker] DEBUG org.springframework.test.context.support.AbstractDirtiesContextTestExecutionListener - Before test class: context [DefaultTestContext@52c8295b testClass = RxserviceApplicationTests, testInstance = [null], testMethod = [null], testException = [null], mergedContextConfiguration = [WebMergedContextConfiguration@251f7d26 testClass = RxserviceApplicationTests, locations = '{}', classes = '{class com.rx2u.rxservice.RxserviceApplication}', contextInitializerClasses = '[]', activeProfiles = '{}', propertySourceLocations = '{}', propertySourceProperties = '{org.springframework.boot.test.context.SpringBootTestContextBootstrapper=true}', contextCustomizers = set[org.springframework.boot.test.autoconfigure.actuate.metrics.MetricsExportContextCustomizerFactory$DisableMetricExportContextCustomizer@5bd82fed, org.springframework.boot.test.autoconfigure.properties.PropertyMappingContextCustomizer@0, org.springframework.boot.test.autoconfigure.web.servlet.WebDriverContextCustomizerFactory$Customizer@6f0b0a5e, org.springframework.boot.test.context.filter.ExcludeFilterContextCustomizer@478ee483, org.springframework.boot.test.json.DuplicateJsonObjectContextCustomizerFactory$DuplicateJsonObjectContextCustomizer@665df3c6, org.springframework.boot.test.mock.mockito.MockitoContextCustomizer@0, org.springframework.boot.test.web.client.TestRestTemplateContextCustomizer@60641ec8, org.springframework.boot.test.context.SpringBootTestArgs@1, org.springframework.boot.test.context.SpringBootTestWebEnvironment@16612a51], resourceBasePath = 'src/main/webapp', contextLoader = 'org.springframework.boot.test.context.SpringBootContextLoader', parent = [null]], attributes = map['org.springframework.test.context.web.ServletTestExecutionListener.activateListener' -> true]], class annotated with @DirtiesContext [false] with mode [null].

  .   ____          _            __ _ _
 /\\ / ___'_ __ _ _(_)_ __  __ _ \ \ \ \
( ( )\___ | '_ | '_| | '_ \/ _` | \ \ \ \
 \\/  ___)| |_)| | | | | || (_| |  ) ) ) )
  '  |____| .__|_| |_|_| |_\__, | / / / /
 =========|_|==============|___/=/_/_/_/
 :: Spring Boot ::                (v2.7.7)

2023-01-10 09:07:38.863  INFO 39608 --- [    Test worker] c.r.rxservice.RxserviceApplicationTests  : Starting RxserviceApplicationTests using Java 11.0.16.1 on Jackmans-MBP.lan with PID 39608 (started by jackmanysa in /Users/jackmanysa/Documents/Projects/Spring Boot/rxservice)
2023-01-10 09:07:38.864  INFO 39608 --- [    Test worker] c.r.rxservice.RxserviceApplicationTests  : No active profile set, falling back to 1 default profile: "default"
2023-01-10 09:07:39.532  INFO 39608 --- [    Test worker] .s.d.r.c.RepositoryConfigurationDelegate : Bootstrapping Spring Data JPA repositories in DEFAULT mode.
2023-01-10 09:07:39.577  INFO 39608 --- [    Test worker] .s.d.r.c.RepositoryConfigurationDelegate : Finished Spring Data repository scanning in 36 ms. Found 4 JPA repository interfaces.
2023-01-10 09:07:39.978  INFO 39608 --- [    Test worker] com.zaxxer.hikari.HikariDataSource       : HikariPool-1 - Starting...
2023-01-10 09:07:40.172  INFO 39608 --- [    Test worker] com.zaxxer.hikari.HikariDataSource       : HikariPool-1 - Start completed.
2023-01-10 09:07:40.332  INFO 39608 --- [    Test worker] o.hibernate.jpa.internal.util.LogHelper  : HHH000204: Processing PersistenceUnitInfo [name: default]
2023-01-10 09:07:40.380  INFO 39608 --- [    Test worker] org.hibernate.Version                    : HHH000412: Hibernate ORM core version 5.6.14.Final
2023-01-10 09:07:40.573  INFO 39608 --- [    Test worker] o.hibernate.annotations.common.Version   : HCANN000001: Hibernate Commons Annotations {5.1.2.Final}
2023-01-10 09:07:40.685  INFO 39608 --- [    Test worker] org.hibernate.dialect.Dialect            : HHH000400: Using dialect: org.hibernate.dialect.H2Dialect
2023-01-10 09:07:41.310  INFO 39608 --- [    Test worker] o.h.e.t.j.p.i.JtaPlatformInitiator       : HHH000490: Using JtaPlatform implementation: [org.hibernate.engine.transaction.jta.platform.internal.NoJtaPlatform]
2023-01-10 09:07:41.317  INFO 39608 --- [    Test worker] j.LocalContainerEntityManagerFactoryBean : Initialized JPA EntityManagerFactory for persistence unit 'default'
2023-01-10 09:07:41.925  WARN 39608 --- [    Test worker] JpaBaseConfiguration$JpaWebConfiguration : spring.jpa.open-in-view is enabled by default. Therefore, database queries may be performed during view rendering. Explicitly configure spring.jpa.open-in-view to disable this warning
2023-01-10 09:07:42.009  INFO 39608 --- [    Test worker] o.s.b.a.h2.H2ConsoleAutoConfiguration    : H2 console available at '/h2-console'. Database available at 'jdbc:h2:mem:testdb'
2023-01-10 09:07:42.193  INFO 39608 --- [    Test worker] pertySourcedRequestMappingHandlerMapping : Mapped URL path [/v2/api-docs] onto method [springfox.documentation.swagger2.web.Swagger2Controller#getDocumentation(String, HttpServletRequest)]
2023-01-10 09:07:42.731  INFO 39608 --- [    Test worker] d.s.w.p.DocumentationPluginsBootstrapper : Context refreshed
2023-01-10 09:07:42.751  INFO 39608 --- [    Test worker] d.s.w.p.DocumentationPluginsBootstrapper : Found 1 custom documentation plugin(s)
2023-01-10 09:07:42.774  INFO 39608 --- [    Test worker] s.d.s.w.s.ApiListingReferenceScanner     : Scanning for api listing references
2023-01-10 09:07:42.898  INFO 39608 --- [    Test worker] c.r.rxservice.RxserviceApplicationTests  : Started RxserviceApplicationTests in 4.301 seconds (JVM running for 5.145)
]]></system-out>
  <system-err><![CDATA[]]></system-err>
</testsuite>
